<?xml version="1.0" encoding="UTF-8"?>
<testsuite xmlns:xsi="http://www.w3.org/2001/XMLSchema-instance" xsi:noNamespaceSchemaLocation="https://maven.apache.org/surefire/maven-surefire-plugin/xsd/surefire-test-report.xsd" name="CeglarekLopez.model.UserTest" time="0.097" tests="18" errors="0" skipped="0" failures="0">
  <properties>
[...]
</properties>
  <testcase name="getRole_id" classname="CeglarekLopez.model.UserTest" time="0.054"/>
  <testcase name="setUser_id" classname="CeglarekLopez.model.UserTest" time="0"/>
  <testcase name="setPassword" classname="CeglarekLopez.model.UserTest" time="0.001"/>
  <testcase name="testToString" classname="CeglarekLopez.model.UserTest" time="0"/>
  <testcase name="getPassword" classname="CeglarekLopez.model.UserTest" time="0.005"/>
  <testcase name="canEqual" classname="CeglarekLopez.model.UserTest" time="0.001"/>
  <testcase name="setRole_id" classname="CeglarekLopez.model.UserTest" time="0.001"/>
  <testcase name="getFirstname" classname="CeglarekLopez.model.UserTest" time="0.001"/>
  <testcase name="setLastname" classname="CeglarekLopez.model.UserTest" time="0.001"/>
  <testcase name="getLastname" classname="CeglarekLopez.model.UserTest" time="0.002"/>
  <testcase name="testHashCode" classname="CeglarekLopez.model.UserTest" time="0.001"/>
  <testcase name="getUser_id" classname="CeglarekLopez.model.UserTest" time="0.001"/>
  <testcase name="testEquals" classname="CeglarekLopez.model.UserTest" time="0.001"/>
  <testcase name="setEmail" classname="CeglarekLopez.model.UserTest" time="0.001"/>
  <testcase name="setFirstname" classname="CeglarekLopez.model.UserTest" time="0.001"/>
  <testcase name="setUsername" classname="CeglarekLopez.model.UserTest" time="0.002"/>
  <testcase name="getUsername" classname="CeglarekLopez.model.UserTest" time="0.001"/>
  <testcase name="getEmail" classname="CeglarekLopez.model.UserTest" time="0.001"/>
</testsuite>