GROUP,PACKAGE,CLASS,INSTRUCTION_MISSED,INSTRUCTION_COVERED,BRANCH_MISSED,BRANCH_COVERED,LINE_MISSED,LINE_COVERED,COMPLEXITY_MISSED,COMPLEXITY_COVERED,METHOD_MISSED,METHOD_COVERED
0.0.1,CeglarekLopez,Driver,15,0,0,0,5,0,2,0,2,0
0.0.1,CeglarekLopez.service,UserService,115,0,8,0,29,0,11,0,7,0
0.0.1,CeglarekLopez.service,ReimbursementService,50,0,0,0,16,0,6,0,6,0
0.0.1,CeglarekLopez.dao,ReimbursementDao,55,0,0,0,13,0,10,0,10,0
0.0.1,CeglarekLopez.dao,UserDao,75,0,0,0,20,0,9,0,9,0
0.0.1,CeglarekLopez.model,Reimbursement,349,0,42,0,88,0,44,0,23,0
0.0.1,CeglarekLopez.model,User,290,45,50,0,3,8,38,8,13,8
0.0.1,CeglarekLopez.model,User.UserBuilder,98,0,0,0,1,0,10,0,10,0
0.0.1,CeglarekLopez.util,HibernateUtil,36,0,0,0,9,0,5,0,5,0
